100 -5.25589 0
200 -5.24889 0.00699645
300 -5.24216 0.00785005
400 -5.24038 0.00583138
500 -5.23869 0.00482047
600 -5.23673 0.00439623
700 -5.23104 0.00679772
800 -5.2279 0.00667287
900 -5.22914 0.00601357
1000 -5.22579 0.00633408
1100 -5.22601 0.00573341
1200 -5.22478 0.00537589
1300 -5.22281 0.00532156
1400 -5.22391 0.00504713
1500 -5.22588 0.00509404
1600 -5.22717 0.004937
1700 -5.22507 0.00509168
1800 -5.22713 0.00522554
1900 -5.22637 0.00500034
2000 -5.22547 0.00482845
2100 -5.22534 0.00459475
2200 -5.22688 0.004645
2300 -5.22675 0.00444053
2400 -5.22798 0.00442549
2500 -5.22823 0.00425245
2600 -5.22815 0.00408648
2700 -5.2291 0.00404512
2800 -5.22776 0.00412049
2900 -5.22894 0.00414795
3000 -5.22903 0.00400826
3100 -5.22925 0.00388301
3200 -5.22808 0.00393766
3300 -5.22645 0.0041501
3400 -5.22681 0.00404237
3500 -5.22648 0.00393903
3600 -5.22631 0.00383189
3700 -5.22564 0.00378702
3800 -5.22536 0.00369613
3900 -5.22539 0.00360018
4000 -5.22517 0.00351609
4100 -5.22511 0.00342966
4200 -5.2259 0.00343847
4300 -5.22513 0.00344517
4400 -5.2238 0.0036194
4500 -5.22326 0.00357817
4600 -5.2238 0.00354054
4700 -5.22425 0.00349391
4800 -5.2238 0.00345004
4900 -5.2232 0.00343275
5000 -5.22331 0.00336527
5100 -5.22342 0.0033005
5200 -5.22346 0.00323663
5300 -5.22309 0.00319593
5400 -5.22247 0.00319795
5500 -5.22241 0.0031397
5600 -5.22288 0.00311811
5700 -5.22342 0.00311077
5800 -5.22368 0.00306694
5900 -5.22408 0.00304209
6000 -5.2244 0.00300755
6100 -5.22352 0.00308604
6200 -5.22417 0.00310567
6300 -5.22429 0.00305831
6400 -5.22442 0.00301294
6500 -5.22434 0.00296727
6600 -5.22475 0.00294946
6700 -5.22487 0.0029079
6800 -5.22424 0.00293458
6900 -5.22416 0.00289266
7000 -5.22426 0.00285254
7100 -5.2241 0.00281656
7200 -5.22391 0.00278361
7300 -5.22402 0.00274745
7400 -5.22402 0.00271007
7500 -5.22382 0.00268124
7600 -5.22328 0.00270069
7700 -5.22301 0.00267889
7800 -5.22233 0.00273015
7900 -5.22218 0.0026995
8000 -5.22193 0.00267719
8100 -5.22223 0.00265994
8200 -5.22192 0.0026447
8300 -5.22198 0.00261316
8400 -5.22204 0.00258262
8500 -5.22175 0.00256798
8600 -5.22158 0.00254352
8700 -5.22181 0.00252401
8800 -5.22168 0.0024985
8900 -5.22092 0.002584
9000 -5.22086 0.00255579
9100 -5.22078 0.00252888
9200 -5.22016 0.00257558
9300 -5.22026 0.0025495
9400 -5.22068 0.00255686
9500 -5.22058 0.0025319
9600 -5.22108 0.00255572
9700 -5.22048 0.00259987
9800 -5.2202 0.00258829
9900 -5.21979 0.00259505
10000 -5.21965 0.00257244
