100 1.76765 0
200 1.76752 0.0001352
300 1.76746 9.72472e-05
400 1.76743 7.34449e-05
500 1.76738 7.76029e-05
600 1.76731 9.7183e-05
700 1.76722 0.000121111
800 1.76715 0.000126876
900 1.76713 0.000113113
1000 1.76714 0.000101951
1100 1.76716 9.30329e-05
1200 1.76717 8.56673e-05
1300 1.76717 7.88161e-05
1400 1.76716 7.34656e-05
1500 1.76715 6.87644e-05
1600 1.76715 6.44657e-05
1700 1.76714 6.07128e-05
1800 1.76714 5.72672e-05
1900 1.76715 5.42266e-05
2000 1.76715 5.14546e-05
2100 1.76714 4.97808e-05
2200 1.76712 4.90893e-05
2300 1.76711 4.81265e-05
2400 1.76711 4.63886e-05
2500 1.76711 4.45637e-05
2600 1.76711 4.28334e-05
2700 1.76711 4.13304e-05
2800 1.76711 3.99771e-05
2900 1.76711 3.86443e-05
3000 1.76712 3.7379e-05
3100 1.76711 3.61932e-05
3200 1.76711 3.5356e-05
3300 1.76711 3.45101e-05
3400 1.7671 3.37639e-05
3500 1.7671 3.28869e-05
3600 1.7671 3.19997e-05
3700 1.7671 3.11375e-05
3800 1.7671 3.03527e-05
3900 1.7671 2.95702e-05
4000 1.7671 2.88582e-05
4100 1.7671 2.81542e-05
4200 1.7671 2.74817e-05
4300 1.76709 2.69261e-05
4400 1.76709 2.65047e-05
4500 1.76709 2.60617e-05
4600 1.76709 2.56028e-05
4700 1.76708 2.53611e-05
4800 1.76708 2.51021e-05
4900 1.76707 2.47965e-05
5000 1.76707 2.44979e-05
5100 1.76707 2.42489e-05
5200 1.76706 2.41153e-05
5300 1.76706 2.4091e-05
5400 1.76706 2.387e-05
5500 1.76705 2.35075e-05
5600 1.76705 2.30893e-05
5700 1.76706 2.26944e-05
5800 1.76706 2.23005e-05
5900 1.76706 2.19288e-05
6000 1.76706 2.15983e-05
6100 1.76706 2.13508e-05
6200 1.76706 2.11922e-05
6300 1.76706 2.09434e-05
6400 1.76707 2.06592e-05
6500 1.76707 2.04162e-05
6600 1.76707 2.01846e-05
6700 1.76707 1.992e-05
6800 1.76707 1.96657e-05
6900 1.76707 1.94365e-05
7000 1.76707 1.92098e-05
7100 1.76708 1.89725e-05
7200 1.76708 1.87156e-05
7300 1.76708 1.84698e-05
7400 1.76708 1.82344e-05
7500 1.76708 1.7995e-05
7600 1.76708 1.77732e-05
7700 1.76708 1.75921e-05
7800 1.76708 1.73913e-05
7900 1.76708 1.71702e-05
8000 1.76708 1.69736e-05
8100 1.76708 1.67922e-05
8200 1.76709 1.66793e-05
8300 1.76709 1.65128e-05
8400 1.76709 1.63243e-05
8500 1.76709 1.61322e-05
8600 1.76709 1.59455e-05
8700 1.76709 1.57648e-05
8800 1.76709 1.55848e-05
8900 1.76709 1.54089e-05
9000 1.76709 1.52367e-05
9100 1.76709 1.50788e-05
9200 1.76709 1.49243e-05
9300 1.76709 1.47685e-05
9400 1.76709 1.46109e-05
9500 1.76709 1.44668e-05
9600 1.76709 1.4337e-05
9700 1.76709 1.41885e-05
9800 1.76709 1.40727e-05
9900 1.76708 1.40042e-05
10000 1.76708 1.39847e-05
