100 1.11622 0
200 1.12332 0.00710552
300 1.11629 0.00814639
400 1.11759 0.0059057
500 1.11566 0.00496494
600 1.11716 0.00432382
700 1.1145 0.00452348
800 1.1167 0.00449288
900 1.1153 0.00420272
1000 1.11516 0.00376155
1100 1.11462 0.00344466
1200 1.11559 0.00328974
1300 1.11501 0.00308058
1400 1.11439 0.00291774
1500 1.11426 0.00271936
1600 1.11491 0.00262346
1700 1.11474 0.00246986
1800 1.11526 0.00238597
1900 1.11466 0.00233623
2000 1.11469 0.00221656
2100 1.1146 0.00211023
2200 1.11462 0.00201218
2300 1.11449 0.00192723
2400 1.11434 0.00185165
2500 1.11448 0.00178177
2600 1.11454 0.00171289
2700 1.11447 0.00164978
2800 1.11484 0.00163204
2900 1.11492 0.00157681
3000 1.11472 0.00153556
3100 1.11509 0.00152914
3200 1.115 0.00148346
3300 1.11534 0.00147906
3400 1.11521 0.00144096
3500 1.11488 0.00143851
3600 1.11485 0.00139828
3700 1.11482 0.00136023
3800 1.1148 0.0013242
3900 1.11457 0.00131002
4000 1.11473 0.00128742
4100 1.11474 0.00125565
4200 1.11461 0.00123254
4300 1.11473 0.00120952
4400 1.11482 0.00118545
4500 1.11481 0.00115883
4600 1.11474 0.00113581
4700 1.11462 0.00111729
4800 1.11451 0.00109941
4900 1.11454 0.00107701
5000 1.11429 0.00108307
5100 1.11447 0.00107647
5200 1.11454 0.00105759
5300 1.11465 0.00104327
5400 1.1144 0.00105238
5500 1.11459 0.00104936
5600 1.11419 0.00110282
5700 1.11428 0.00108641
5800 1.11422 0.00106912
5900 1.11414 0.00105333
6000 1.11427 0.00104308
6100 1.11414 0.00103363
6200 1.11407 0.00101925
6300 1.114 0.00100527
6400 1.11408 0.000992104
6500 1.11395 0.000985095
6600 1.114 0.000971499
6700 1.11417 0.00097143
6800 1.11427 0.000962815
6900 1.11427 0.000948793
7000 1.11399 0.000974856
7100 1.11395 0.000962009
7200 1.11398 0.000949108
7300 1.11401 0.000936528
7400 1.11387 0.000934903
7500 1.11391 0.000923423
7600 1.11397 0.000912909
7700 1.11388 0.000904954
7800 1.11381 0.000896015
7900 1.11383 0.000884808
8000 1.11387 0.000874688
8100 1.11396 0.000867781
8200 1.11398 0.000857381
8300 1.11405 0.000850179
8400 1.11408 0.000840551
8500 1.11388 0.000854535
8600 1.11389 0.000844583
8700 1.11381 0.000838782
8800 1.11386 0.000831141
8900 1.11377 0.000827295
9000 1.11357 0.000842254
9100 1.11367 0.000838714
9200 1.11368 0.000829721
9300 1.11361 0.000823835
9400 1.1137 0.000819904
9500 1.11374 0.000812222
9600 1.11384 0.000809402
9700 1.11386 0.000801464
9800 1.1139 0.000794083
9900 1.11397 0.0007893
10000 1.11393 0.000782442
