100 1.48732 0
200 1.48734 1.89e-05
300 1.48733 1.65176e-05
400 1.4873 2.85029e-05
500 1.48727 3.40637e-05
600 1.48725 3.46665e-05
700 1.48724 3.18799e-05
800 1.48723 2.91531e-05
900 1.48723 2.58238e-05
1000 1.48723 2.3179e-05
1100 1.48723 2.09893e-05
1200 1.48723 1.92143e-05
1300 1.48723 1.76758e-05
1400 1.48722 1.77292e-05
1500 1.48721 2.10459e-05
1600 1.4872 2.36681e-05
1700 1.48718 2.56618e-05
1800 1.48718 2.48961e-05
1900 1.48718 2.36262e-05
2000 1.48718 2.2493e-05
2100 1.48718 2.14324e-05
2200 1.48718 2.04396e-05
2300 1.48718 1.96803e-05
2400 1.48717 1.89404e-05
2500 1.48717 1.84121e-05
2600 1.48717 1.76937e-05
2700 1.48717 1.72008e-05
2800 1.48717 1.68808e-05
2900 1.48716 1.65085e-05
3000 1.48716 1.60054e-05
3100 1.48716 1.55089e-05
3200 1.48716 1.51387e-05
3300 1.48717 1.49069e-05
3400 1.48717 1.48447e-05
3500 1.48717 1.44871e-05
3600 1.48717 1.41099e-05
3700 1.48717 1.40389e-05
3800 1.48717 1.40822e-05
3900 1.48717 1.37406e-05
4000 1.48717 1.33933e-05
4100 1.48717 1.30827e-05
4200 1.48717 1.28175e-05
4300 1.48717 1.25169e-05
4400 1.48717 1.22316e-05
4500 1.48717 1.19568e-05
4600 1.48717 1.17004e-05
4700 1.48717 1.14534e-05
4800 1.48717 1.14459e-05
4900 1.48717 1.13218e-05
5000 1.48717 1.11153e-05
5100 1.48717 1.09232e-05
5200 1.48717 1.0759e-05
5300 1.48717 1.06082e-05
5400 1.48718 1.04866e-05
5500 1.48718 1.0305e-05
5600 1.48718 1.0127e-05
5700 1.48718 9.9478e-06
5800 1.48718 9.81701e-06
5900 1.48718 9.6492e-06
6000 1.48718 9.49153e-06
6100 1.48718 9.33466e-06
6200 1.48718 9.20383e-06
6300 1.48718 9.10287e-06
6400 1.48718 9.029e-06
6500 1.48718 8.89036e-06
6600 1.48718 8.75479e-06
6700 1.48718 8.66883e-06
6800 1.48718 8.54785e-06
6900 1.48718 8.43471e-06
7000 1.48718 8.32494e-06
7100 1.48718 8.2415e-06
7200 1.48718 8.20807e-06
7300 1.48718 8.14086e-06
7400 1.48718 8.07386e-06
7500 1.48718 8.0088e-06
7600 1.48718 7.90272e-06
7700 1.48718 7.80321e-06
7800 1.48718 7.70361e-06
7900 1.48718 7.60552e-06
8000 1.48718 7.56484e-06
8100 1.48718 7.54136e-06
8200 1.48718 7.48052e-06
8300 1.48718 7.39555e-06
8400 1.48718 7.30704e-06
8500 1.48718 7.2213e-06
8600 1.48718 7.13717e-06
8700 1.48718 7.06983e-06
8800 1.48718 6.99169e-06
8900 1.48719 6.96661e-06
9000 1.48719 7.07046e-06
9100 1.48719 7.27741e-06
9200 1.48719 7.34123e-06
9300 1.48719 7.3153e-06
9400 1.48719 7.23866e-06
9500 1.48719 7.16369e-06
9600 1.48719 7.08874e-06
9700 1.48719 7.01609e-06
9800 1.48719 6.95125e-06
9900 1.48719 6.94811e-06
10000 1.48719 6.95022e-06
