100 -3.74592 0
200 -3.74509 0.0008335
300 -3.74521 0.000495757
400 -3.74562 0.000544893
500 -3.74573 0.000434311
600 -3.74519 0.000638232
700 -3.74507 0.000553885
800 -3.74526 0.000515436
900 -3.74551 0.000518133
1000 -3.74519 0.000560746
1100 -3.74516 0.000507945
1200 -3.7452 0.000465552
1300 -3.74511 0.000438056
1400 -3.74521 0.000417326
1500 -3.74513 0.000396704
1600 -3.74507 0.000375679
1700 -3.74491 0.000388624
1800 -3.74488 0.000367697
1900 -3.74492 0.000350928
2000 -3.7449 0.000333687
2100 -3.74485 0.00032146
2200 -3.74487 0.000307198
2300 -3.74484 0.000295423
2400 -3.74475 0.000296442
2500 -3.74471 0.000287662
2600 -3.74478 0.000285958
2700 -3.74481 0.000277204
2800 -3.74485 0.00026918
2900 -3.74488 0.000261762
3000 -3.74482 0.000260657
3100 -3.74479 0.000253007
3200 -3.74479 0.000245022
3300 -3.74475 0.000240387
3400 -3.74473 0.000234283
3500 -3.7448 0.000236979
3600 -3.74482 0.000231195
3700 -3.74483 0.00022542
3800 -3.74493 0.000241901
3900 -3.74492 0.00023621
4000 -3.7449 0.000230772
4100 -3.74486 0.000228974
4200 -3.74484 0.000224729
4300 -3.74491 0.000233065
4400 -3.74495 0.000229877
4500 -3.74491 0.000227346
4600 -3.74491 0.000222383
4700 -3.74492 0.000217914
4800 -3.74495 0.000215213
4900 -3.74495 0.000210862
5000 -3.74497 0.000207395
5100 -3.74497 0.00020334
5200 -3.74494 0.000201333
5300 -3.74493 0.000197865
5400 -3.7449 0.000196833
5500 -3.74487 0.000195322
5600 -3.74489 0.000193125
5700 -3.74489 0.000189712
5800 -3.74491 0.000187389
5900 -3.74489 0.000185775
6000 -3.74485 0.000185582
6100 -3.74484 0.000183076
6200 -3.74485 0.000180646
6300 -3.74486 0.000177893
6400 -3.74488 0.000176081
6500 -3.74488 0.000173397
6600 -3.74488 0.00017076
6700 -3.74488 0.000168239
6800 -3.74488 0.00016578
6900 -3.74486 0.000163832
7000 -3.74487 0.000161607
7100 -3.74486 0.000159652
7200 -3.74485 0.000157877
7300 -3.74483 0.000156456
7400 -3.74484 0.00015443
7500 -3.74482 0.000154081
7600 -3.74482 0.000152061
7700 -3.74483 0.000150473
7800 -3.74483 0.000148533
7900 -3.74482 0.000147156
8000 -3.74482 0.000145356
8100 -3.74481 0.000144103
8200 -3.74481 0.000142411
8300 -3.7448 0.000141377
8400 -3.7448 0.000139854
8500 -3.7448 0.000138215
8600 -3.74479 0.000136874
8700 -3.74476 0.000139665
8800 -3.74476 0.000138108
8900 -3.74474 0.000137426
9000 -3.74474 0.000135904
9100 -3.74477 0.000138411
9200 -3.74478 0.00013727
9300 -3.74479 0.000136339
9400 -3.74479 0.000134901
9500 -3.7448 0.000133771
9600 -3.7448 0.00013241
9700 -3.74482 0.000133338
9800 -3.74485 0.000135328
9900 -3.74484 0.000134388
10000 -3.74485 0.000133611
