100 0.973143 0
200 0.929609 0.0435342
300 0.908413 0.0328784
400 0.889983 0.0296676
500 0.885457 0.0234219
600 0.880539 0.0197462
700 0.875931 0.0173131
800 0.87166 0.01559
900 0.865843 0.0149291
1000 0.858928 0.0150372
1100 0.855976 0.0139182
1200 0.85596 0.0127055
1300 0.854184 0.0118216
1400 0.853324 0.0109784
1500 0.850891 0.0105059
1600 0.850138 0.00985616
1700 0.850027 0.00925892
1800 0.848124 0.00893449
1900 0.848313 0.00845331
2000 0.848944 0.00804431
2100 0.848783 0.00765338
2200 0.84869 0.0072978
2300 0.847671 0.00704729
2400 0.84632 0.00688122
2500 0.844852 0.00676163
2600 0.845193 0.0065053
2700 0.844508 0.00629708
2800 0.844013 0.00608818
2900 0.842719 0.00601522
3000 0.842101 0.00584404
3100 0.84252 0.00566788
3200 0.843218 0.00553207
3300 0.843199 0.00536185
3400 0.843695 0.00522526
3500 0.843662 0.00507388
3600 0.843647 0.00493094
3700 0.843609 0.00479597
3800 0.843807 0.00467222
3900 0.844152 0.0045639
4000 0.843759 0.00446562
4100 0.84343 0.00436779
4200 0.842789 0.00431037
4300 0.842713 0.00420962
4400 0.842314 0.00413213
4500 0.842099 0.00404501
4600 0.842279 0.0039602
4700 0.842588 0.00388734
4800 0.84263 0.00380573
4900 0.843013 0.00374687
5000 0.842672 0.00368692
5100 0.84269 0.00361395
5200 0.842579 0.00354553
5300 0.842616 0.0034782
5400 0.842552 0.00341378
5500 0.842497 0.0033516
5600 0.843413 0.00341627
5700 0.843693 0.0033675
5800 0.843444 0.00331833
5900 0.843268 0.00326635
6000 0.84296 0.0032261
6100 0.843181 0.00318046
6200 0.842841 0.00314721
6300 0.842989 0.00310038
6400 0.842879 0.00305352
6500 0.842406 0.00304316
6600 0.842373 0.00299689
6700 0.842602 0.0029607
6800 0.842993 0.00294292
6900 0.843159 0.00290474
7000 0.843425 0.0028752
7100 0.843321 0.0028363
7200 0.843204 0.00279908
7300 0.843328 0.00276325
7400 0.843293 0.00272588
7500 0.842926 0.00271416
7600 0.843266 0.00269973
7700 0.843614 0.00268701
7800 0.843187 0.00268642
7900 0.842911 0.00266652
8000 0.842554 0.00265714
8100 0.842467 0.00262557
8200 0.842542 0.00259446
8300 0.842663 0.00256584
8400 0.842725 0.00253588
8500 0.84248 0.00251786
8600 0.842325 0.00249323
8700 0.842497 0.00247042
8800 0.842384 0.00244482
8900 0.842714 0.00243958
9000 0.842704 0.00241234
9100 0.842476 0.00239658
9200 0.8422 0.00238644
9300 0.842529 0.00238355
9400 0.842877 0.00238354
9500 0.842657 0.00236856
9600 0.8427 0.00234415
9700 0.842642 0.00232057
9800 0.842936 0.00231549
9900 0.843133 0.00230048
10000 0.84296 0.00228396
