100 -3.90518 0
200 -3.90409 0.00109225
300 -3.90418 0.000636765
400 -3.90436 0.000486201
500 -3.90469 0.000496094
600 -3.90443 0.000480492
700 -3.90413 0.000504383
800 -3.90414 0.000436913
900 -3.90429 0.000414916
1000 -3.90456 0.000458436
1100 -3.90479 0.000475898
1200 -3.90468 0.000448551
1300 -3.90458 0.00042628
1400 -3.90463 0.000398381
1500 -3.9046 0.000372306
1600 -3.90451 0.000358992
1700 -3.9044 0.000356031
1800 -3.90453 0.000360888
1900 -3.90458 0.000344912
2000 -3.90454 0.000329153
2100 -3.9044 0.000344172
2200 -3.90447 0.000335246
2300 -3.90441 0.000326198
2400 -3.90442 0.000312599
2500 -3.90444 0.000300611
2600 -3.90436 0.000301354
2700 -3.90433 0.000290993
2800 -3.90428 0.000285367
2900 -3.90432 0.000278
3000 -3.90438 0.000277211
3100 -3.9044 0.000268749
3200 -3.90442 0.000260591
3300 -3.90438 0.000255194
3400 -3.90444 0.000255314
3500 -3.90447 0.000249191
3600 -3.90449 0.000243102
3700 -3.90448 0.000236755
3800 -3.90444 0.000233192
3900 -3.90451 0.000236915
4000 -3.90459 0.000246181
4100 -3.90461 0.000240704
4200 -3.90462 0.000235073
4300 -3.90461 0.000229711
4400 -3.9046 0.000224902
4500 -3.90461 0.000220071
4600 -3.90458 0.000216833
4700 -3.90459 0.000212266
4800 -3.90455 0.000211077
4900 -3.90451 0.000210564
5000 -3.90453 0.00020689
5100 -3.90453 0.000202943
5200 -3.90448 0.000207054
5300 -3.90445 0.000205027
5400 -3.90443 0.000202059
5500 -3.90444 0.000198533
5600 -3.90444 0.000194956
5700 -3.90445 0.000191772
5800 -3.90446 0.000188645
5900 -3.90443 0.000186684
6000 -3.90444 0.000183751
6100 -3.90442 0.000182866
6200 -3.90445 0.000182976
6300 -3.90444 0.000180178
6400 -3.90446 0.000178232
6500 -3.9045 0.000180317
6600 -3.90452 0.00017887
6700 -3.90455 0.000178156
6800 -3.90457 0.000177223
6900 -3.90456 0.000175078
7000 -3.90453 0.000175399
7100 -3.90453 0.000172916
7200 -3.90453 0.000170524
7300 -3.90453 0.000168172
7400 -3.90453 0.000165884
7500 -3.90451 0.000164387
7600 -3.90449 0.000163619
7700 -3.90448 0.000161565
7800 -3.90447 0.000159885
7900 -3.90447 0.000157904
8000 -3.90447 0.000155963
8100 -3.90446 0.000154202
8200 -3.90445 0.000153356
8300 -3.90445 0.00015157
8400 -3.90442 0.000153936
8500 -3.90439 0.000153512
8600 -3.90441 0.000152128
8700 -3.90438 0.000152587
8800 -3.90436 0.000151675
8900 -3.90431 0.000158974
9000 -3.90431 0.000157203
9100 -3.90433 0.000156238
9200 -3.90432 0.000154659
9300 -3.90432 0.000152987
9400 -3.90431 0.000151787
9500 -3.9043 0.000150377
9600 -3.90428 0.00015034
9700 -3.90429 0.000149221
9800 -3.90428 0.000148186
9900 -3.90428 0.000146683
10000 -3.90429 0.00014529
