100 -0.367807 0
200 -0.374186 0.00637898
300 -0.372342 0.00411886
400 -0.362217 0.010535
500 -0.358937 0.00879506
600 -0.351176 0.0105732
700 -0.351452 0.00894021
800 -0.347798 0.00856145
900 -0.350692 0.00808617
1000 -0.354252 0.00806083
1100 -0.361041 0.00996249
1200 -0.371475 0.0138414
1300 -0.37626 0.0136019
1400 -0.379499 0.0130026
1500 -0.381679 0.0122995
1600 -0.383947 0.0117266
1700 -0.387505 0.0115755
1800 -0.388212 0.0109364
1900 -0.390333 0.01056
2000 -0.390839 0.0100308
2100 -0.390438 0.00954965
2200 -0.389036 0.00921255
2300 -0.387045 0.00902508
2400 -0.386267 0.00867588
2500 -0.386464 0.00832397
2600 -0.387319 0.00804298
2700 -0.389591 0.0080658
2800 -0.389471 0.00777333
2900 -0.389197 0.00750549
3000 -0.389056 0.00725235
3100 -0.389344 0.00702038
3200 -0.390363 0.00687346
3300 -0.390695 0.00667018
3400 -0.390755 0.0064713
3500 -0.390205 0.00630771
3600 -0.39015 0.00613024
3700 -0.390835 0.00600156
3800 -0.391885 0.00593502
3900 -0.391478 0.00579512
4000 -0.391404 0.00564888
4100 -0.390786 0.00554385
4200 -0.390758 0.00541032
4300 -0.390928 0.00528572
4400 -0.391583 0.00520565
4500 -0.393296 0.005369
4600 -0.393708 0.00526714
4700 -0.393437 0.00516098
4800 -0.393207 0.00505752
4900 -0.392592 0.00499124
5000 -0.392371 0.00489542
5100 -0.393116 0.004856
5200 -0.393115 0.0047617
5300 -0.392874 0.00467725
5400 -0.392607 0.00459752
5500 -0.392688 0.00451388
5600 -0.392438 0.00443961
5700 -0.392099 0.00437417
5800 -0.391955 0.00430051
5900 -0.391266 0.00428264
6000 -0.390464 0.00428648
6100 -0.389713 0.00428188
6200 -0.389242 0.0042386
6300 -0.389159 0.0041716
6400 -0.388709 0.00413041
6500 -0.387797 0.00416748
6600 -0.38668 0.00425306
6700 -0.386591 0.00419006
6800 -0.386548 0.0041282
6900 -0.386516 0.00406806
7000 -0.386231 0.00401966
7100 -0.385986 0.0039702
7200 -0.385238 0.00398544
7300 -0.384039 0.00410942
7400 -0.383364 0.00410924
7500 -0.382404 0.00416619
7600 -0.381582 0.00419255
7700 -0.381162 0.00415897
7800 -0.38062 0.00414092
7900 -0.380165 0.00411336
8000 -0.379297 0.00415339
8100 -0.378878 0.0041232
8200 -0.378571 0.00408409
8300 -0.378324 0.00404215
8400 -0.378562 0.00400079
8500 -0.378843 0.00396347
8600 -0.379324 0.00394649
8700 -0.37976 0.00392512
8800 -0.379669 0.00388133
8900 -0.379504 0.00384101
9000 -0.379566 0.0037986
9100 -0.379374 0.00376156
9200 -0.37989 0.00375618
9300 -0.380046 0.0037188
9400 -0.380024 0.0036791
9500 -0.380145 0.00364217
9600 -0.380215 0.00360473
9700 -0.379856 0.0035854
9800 -0.379403 0.00357748
9900 -0.379288 0.00354302
10000 -0.378839 0.00353601
