100 2.13014 0
200 2.13171 0.00157155
300 2.11327 0.0184613
400 2.1027 0.0167979
500 2.11035 0.0150936
600 2.11451 0.0130086
700 2.11266 0.0111501
800 2.11279 0.00965714
900 2.11149 0.00861461
1000 2.11388 0.00806631
1100 2.11459 0.00733086
1200 2.11475 0.0066941
1300 2.11487 0.0061588
1400 2.11519 0.00571118
1500 2.11494 0.0053228
1600 2.11479 0.00498148
1700 2.11476 0.00467935
1800 2.11474 0.00441178
1900 2.11396 0.00424488
2000 2.11347 0.00405667
2100 2.11573 0.00447176
2200 2.11597 0.00427
2300 2.117 0.00420929
2400 2.11836 0.00425138
2500 2.11833 0.00407789
2600 2.11799 0.00393208
2700 2.11764 0.00379961
2800 2.11749 0.0036645
2900 2.1171 0.00355723
3000 2.11727 0.00344076
3100 2.11722 0.00332829
3200 2.11732 0.00322414
3300 2.11695 0.00314703
3400 2.11649 0.00308693
3500 2.1169 0.00302504
3600 2.11687 0.00294003
3700 2.11652 0.00288029
3800 2.11606 0.00284039
3900 2.11522 0.00289286
4000 2.11552 0.00283526
4100 2.11565 0.00276837
4200 2.11593 0.0027169
4300 2.1152 0.00275204
4400 2.11563 0.0027231
4500 2.11604 0.00269292
4600 2.11618 0.00263741
4700 2.11639 0.00258906
4800 2.11534 0.00274328
4900 2.11566 0.0027063
5000 2.11574 0.00265262
5100 2.11615 0.00263251
5200 2.1164 0.00259375
5300 2.11643 0.00254449
5400 2.11661 0.0025031
5500 2.11668 0.00245829
5600 2.11659 0.00241554
5700 2.11632 0.00238861
5800 2.11627 0.00234754
5900 2.11654 0.00232274
6000 2.117 0.00233006
6100 2.11696 0.00229186
6200 2.11697 0.0022546
6300 2.11692 0.00221908
6400 2.1172 0.00220211
6500 2.11712 0.00216933
6600 2.11709 0.00213641
6700 2.11711 0.00210441
6800 2.11705 0.00207406
6900 2.11743 0.00207903
7000 2.11752 0.00205097
7100 2.11758 0.00202263
7200 2.11768 0.00199718
7300 2.11779 0.00197274
7400 2.11757 0.00195845
7500 2.11771 0.0019373
7600 2.11796 0.00192761
7700 2.11797 0.00190242
7800 2.11792 0.00187845
7900 2.11794 0.00185461
8000 2.11807 0.00183587
8100 2.11777 0.00183804
8200 2.11796 0.00182548
8300 2.11789 0.00180461
8400 2.11799 0.00178605
8500 2.11808 0.00176703
8600 2.11809 0.00174638
8700 2.11797 0.00173024
8800 2.11796 0.00171052
8900 2.11797 0.00169127
9000 2.11787 0.00167572
9100 2.11768 0.00166746
9200 2.11752 0.00165736
9300 2.11744 0.00164155
9400 2.11765 0.00163813
9500 2.11757 0.00162254
9600 2.11738 0.00161676
9700 2.11728 0.00160353
9800 2.11698 0.00161459
9900 2.11707 0.00160068
10000 2.11685 0.00159951
