100 1.23675 0
200 1.24102 0.0042651
300 1.23978 0.00275595
400 1.23301 0.00704188
500 1.23081 0.00588314
600 1.22562 0.00706986
700 1.2258 0.0059777
800 1.22335 0.00572407
900 1.22528 0.00540374
1000 1.22765 0.00538371
1100 1.23218 0.00664864
1200 1.23914 0.00923254
1300 1.24233 0.00907209
1400 1.24448 0.008671
1500 1.24593 0.00820051
1600 1.24743 0.00781683
1700 1.24979 0.00771361
1800 1.25026 0.00728748
1900 1.25167 0.00703651
2000 1.25201 0.006684
2100 1.25174 0.00636334
2200 1.25081 0.00613882
2300 1.24948 0.00601439
2400 1.24896 0.00578182
2500 1.24909 0.00554725
2600 1.24966 0.00535998
2700 1.25117 0.00537489
2800 1.25109 0.00518003
2900 1.25091 0.00500161
3000 1.25081 0.00483294
3100 1.251 0.00467838
3200 1.25168 0.00458071
3300 1.25191 0.00444532
3400 1.25195 0.0043128
3500 1.25158 0.0042037
3600 1.25155 0.00408543
3700 1.252 0.00399946
3800 1.2527 0.00395477
3900 1.25243 0.00386159
4000 1.25238 0.00376414
4100 1.25197 0.00369413
4200 1.25195 0.00360514
4300 1.25206 0.00352211
4400 1.2525 0.00346877
4500 1.25364 0.00357778
4600 1.25392 0.00350989
4700 1.25374 0.00343914
4800 1.25358 0.00337013
4900 1.25318 0.00332586
5000 1.25303 0.00326199
5100 1.25353 0.00323584
5200 1.25353 0.003173
5300 1.25336 0.00311669
5400 1.25319 0.00306352
5500 1.25324 0.00300779
5600 1.25308 0.0029583
5700 1.25285 0.0029147
5800 1.25275 0.00286564
5900 1.25229 0.00285377
6000 1.25176 0.00285633
6100 1.25126 0.00285332
6200 1.25095 0.00282444
6300 1.25089 0.00277978
6400 1.25059 0.00275227
6500 1.24998 0.00277706
6600 1.24924 0.00283417
6700 1.24918 0.0027922
6800 1.24915 0.00275098
6900 1.24913 0.0027109
7000 1.24894 0.00267863
7100 1.24878 0.00264565
7200 1.24828 0.0026557
7300 1.24748 0.00273825
7400 1.24703 0.00273807
7500 1.24639 0.00277597
7600 1.24584 0.00279359
7700 1.24556 0.00277125
7800 1.2452 0.00275923
7900 1.2449 0.00274088
8000 1.24432 0.00276749
8100 1.24404 0.00274731
8200 1.24384 0.00272123
8300 1.24367 0.00269328
8400 1.24383 0.00266573
8500 1.24402 0.00264086
8600 1.24434 0.00262958
8700 1.24463 0.00261533
8800 1.24457 0.00258614
8900 1.24446 0.00255925
9000 1.2445 0.00253102
9100 1.24438 0.00250627
9200 1.24472 0.00250284
9300 1.24482 0.00247797
9400 1.24481 0.00245151
9500 1.24489 0.0024269
9600 1.24494 0.00240195
9700 1.2447 0.00238908
9800 1.2444 0.00238379
9900 1.24432 0.00236081
10000 1.24402 0.00235608
