100 -4.70255 0
200 -4.70408 0.0015359
300 -4.70341 0.00111372
400 -4.70333 0.000791872
500 -4.70346 0.000627666
600 -4.70335 0.000524055
700 -4.70328 0.000449061
800 -4.70305 0.000449129
900 -4.70271 0.000523127
1000 -4.7025 0.000511726
1100 -4.70216 0.000573754
1200 -4.70215 0.000523957
1300 -4.70228 0.000500188
1400 -4.7023 0.000463273
1500 -4.70229 0.000431362
1600 -4.70241 0.000420751
1700 -4.70239 0.000395572
1800 -4.70222 0.000411132
1900 -4.7022 0.00038914
2000 -4.70231 0.000384463
2100 -4.70239 0.000373642
2200 -4.70238 0.000356308
2300 -4.70226 0.000361912
2400 -4.70219 0.000353249
2500 -4.70217 0.000339573
2600 -4.70222 0.000330173
2700 -4.70221 0.000317735
2800 -4.70214 0.000314274
2900 -4.70213 0.000303465
3000 -4.70214 0.000293345
3100 -4.70222 0.000293299
3200 -4.70224 0.00028506
3300 -4.70224 0.00027631
3400 -4.70227 0.000268951
3500 -4.70233 0.00026973
3600 -4.70228 0.00026735
3700 -4.70232 0.000263011
3800 -4.70231 0.000256224
3900 -4.7023 0.0002497
4000 -4.70224 0.000251222
4100 -4.70224 0.000245034
4200 -4.70218 0.000244538
4300 -4.7022 0.000239154
4400 -4.70216 0.000236523
4500 -4.70215 0.000231636
4600 -4.7021 0.000231973
4700 -4.70208 0.000227754
4800 -4.7021 0.000224417
4900 -4.70211 0.000219865
5000 -4.70214 0.000217112
5100 -4.70215 0.000213395
5200 -4.70214 0.000209779
5300 -4.70211 0.000207638
5400 -4.70217 0.000211823
5500 -4.70219 0.000208689
5600 -4.70219 0.000205089
5700 -4.70216 0.000203991
5800 -4.70213 0.000202882
5900 -4.70212 0.000199496
6000 -4.70212 0.000196148
6100 -4.70214 0.000193442
6200 -4.70209 0.000196161
6300 -4.70207 0.00019385
6400 -4.70207 0.000190798
6500 -4.70207 0.00018784
6600 -4.70208 0.000185103
6700 -4.70211 0.000185725
6800 -4.70213 0.000183622
6900 -4.70213 0.00018096
7000 -4.70212 0.000178749
7100 -4.70209 0.00017857
7200 -4.70209 0.000176214
7300 -4.70208 0.000173947
7400 -4.70205 0.00017376
7500 -4.70202 0.000174137
7600 -4.70202 0.000171848
7700 -4.70204 0.000170692
7800 -4.70203 0.000168807
7900 -4.70201 0.000167461
8000 -4.70199 0.000166161
8100 -4.70198 0.00016442
8200 -4.70197 0.000162746
8300 -4.70195 0.000162966
8400 -4.70195 0.000161027
8500 -4.70196 0.000159398
8600 -4.70195 0.000157757
8700 -4.70195 0.000156038
8800 -4.70195 0.000154255
8900 -4.70197 0.000152995
9000 -4.70194 0.000153532
9100 -4.70189 0.000158829
9200 -4.70187 0.000158266
9300 -4.70185 0.000158066
9400 -4.70183 0.000158412
9500 -4.70183 0.000156737
9600 -4.70181 0.000155995
9700 -4.70179 0.0001554
9800 -4.70178 0.000154154
9900 -4.70178 0.000152593
10000 -4.70176 0.000152331
