100 -6.2565 0
200 -6.26585 0.00935045
300 -6.25532 0.0118345
400 -6.25748 0.00864139
500 -6.25472 0.00723905
600 -6.25672 0.00624074
700 -6.25264 0.00667195
800 -6.25593 0.00665136
900 -6.25391 0.00620409
1000 -6.25385 0.00554944
1100 -6.25296 0.00509888
1200 -6.25445 0.00488741
1300 -6.2535 0.0045948
1400 -6.25271 0.00432638
1500 -6.25247 0.0040348
1600 -6.25345 0.00389828
1700 -6.25314 0.0036743
1800 -6.25391 0.00354766
1900 -6.25303 0.00346959
2000 -6.25311 0.00329263
2100 -6.25303 0.00313302
2200 -6.25308 0.00298764
2300 -6.25293 0.00285855
2400 -6.25271 0.00274566
2500 -6.25294 0.0026436
2600 -6.25302 0.00254104
2700 -6.25294 0.00244643
2800 -6.25351 0.00242468
2900 -6.25364 0.00234337
3000 -6.25339 0.00227712
3100 -6.2539 0.00226061
3200 -6.25375 0.00219406
3300 -6.25429 0.00219377
3400 -6.25409 0.00213777
3500 -6.25358 0.00213634
3600 -6.25358 0.00207617
3700 -6.25352 0.00202014
3800 -6.25346 0.00196697
3900 -6.25312 0.00194604
4000 -6.25337 0.00191254
4100 -6.25339 0.00186541
4200 -6.25319 0.00183144
4300 -6.25334 0.00179511
4400 -6.25348 0.00175914
4500 -6.25345 0.00171989
4600 -6.2533 0.0016885
4700 -6.25312 0.00166259
4800 -6.25297 0.00163408
4900 -6.25303 0.00160145
5000 -6.25265 0.00161407
5100 -6.25291 0.00160298
5200 -6.253 0.0015743
5300 -6.25315 0.00155166
5400 -6.2528 0.00156104
5500 -6.25307 0.00155555
5600 -6.25249 0.00163567
5700 -6.2526 0.00161052
5800 -6.25251 0.00158509
5900 -6.25239 0.00156267
6000 -6.25259 0.00154957
6100 -6.2524 0.0015353
6200 -6.25229 0.00151465
6300 -6.25219 0.00149345
6400 -6.25231 0.00147496
6500 -6.25214 0.00146227
6600 -6.25221 0.0014417
6700 -6.25247 0.00144331
6800 -6.2526 0.001428
6900 -6.25261 0.00140718
7000 -6.25222 0.00144178
7100 -6.25216 0.00142235
7200 -6.25221 0.00140341
7300 -6.25228 0.0013855
7400 -6.25207 0.00138202
7500 -6.25214 0.00136515
7600 -6.25223 0.00135028
7700 -6.25209 0.00134036
7800 -6.25199 0.00132705
7900 -6.25201 0.00131036
8000 -6.25207 0.00129529
8100 -6.2522 0.00128567
8200 -6.25222 0.0012701
8300 -6.25234 0.00126031
8400 -6.25238 0.00124594
8500 -6.25209 0.00126673
8600 -6.2521 0.00125202
8700 -6.25198 0.0012436
8800 -6.25206 0.00123205
8900 -6.25193 0.00122502
9000 -6.25164 0.00124516
9100 -6.25179 0.00124008
9200 -6.25181 0.00122677
9300 -6.25169 0.00121948
9400 -6.25183 0.0012141
9500 -6.25189 0.0012028
9600 -6.25203 0.00119883
9700 -6.25208 0.00118728
9800 -6.25214 0.00117675
9900 -6.25223 0.00116854
10000 -6.25217 0.00115864
