100 -4.58218 0
200 -4.58087 0.0013079
300 -4.58089 0.000755533
400 -4.5811 0.000571351
500 -4.58123 0.00046361
600 -4.58098 0.000455415
700 -4.58089 0.000394598
800 -4.58089 0.000341773
900 -4.58097 0.000312139
1000 -4.58112 0.000314978
1100 -4.58103 0.00029844
1200 -4.58107 0.00027543
1300 -4.58098 0.00026686
1400 -4.58112 0.000281574
1500 -4.58107 0.000266093
1600 -4.58109 0.000249238
1700 -4.58103 0.000240393
1800 -4.58102 0.000227135
1900 -4.58104 0.000216184
2000 -4.58108 0.000208686
2100 -4.58113 0.000204643
2200 -4.58114 0.000195471
2300 -4.58119 0.000193702
2400 -4.5812 0.000185851
2500 -4.58122 0.000178997
2600 -4.58121 0.000172379
2700 -4.58124 0.000168104
2800 -4.58125 0.000162546
2900 -4.58126 0.00015735
3000 -4.58131 0.00015853
3100 -4.58127 0.000157577
3200 -4.58126 0.000153116
3300 -4.58128 0.000149565
3400 -4.58127 0.000145138
3500 -4.58127 0.000140984
3600 -4.5813 0.000141508
3700 -4.58129 0.000138972
3800 -4.58127 0.000135951
3900 -4.58127 0.000132444
4000 -4.58127 0.000129104
4100 -4.58128 0.000126294
4200 -4.58128 0.000123259
4300 -4.58126 0.000122836
4400 -4.58125 0.000120103
4500 -4.58123 0.000119139
4600 -4.5812 0.000121736
4700 -4.58118 0.000119877
4800 -4.5812 0.000119284
4900 -4.58123 0.000118938
5000 -4.58121 0.000117206
5100 -4.5812 0.000115268
5200 -4.58119 0.000113498
5300 -4.58118 0.000112262
5400 -4.5812 0.000112236
5500 -4.58119 0.000110535
5600 -4.5812 0.000108637
5700 -4.58118 0.000107461
5800 -4.58118 0.000105626
5900 -4.58117 0.000104541
6000 -4.58118 0.000103852
6100 -4.58119 0.000102199
6200 -4.58118 0.000100918
6300 -4.58119 9.95987e-05
6400 -4.5812 9.88674e-05
6500 -4.58122 9.937e-05
6600 -4.58121 9.82052e-05
6700 -4.58122 9.69841e-05
6800 -4.58119 9.91235e-05
6900 -4.58121 9.99073e-05
7000 -4.58123 0.000100328
7100 -4.58124 9.95604e-05
7200 -4.58125 9.82165e-05
7300 -4.58126 9.83303e-05
7400 -4.58127 9.75175e-05
7500 -4.58127 9.62166e-05
7600 -4.58128 9.53753e-05
7700 -4.58127 9.55745e-05
7800 -4.58127 9.43667e-05
7900 -4.58126 9.33045e-05
8000 -4.58126 9.2166e-05
8100 -4.58127 9.11418e-05
8200 -4.58126 9.03885e-05
8300 -4.58127 8.96836e-05
8400 -4.58126 8.86777e-05
8500 -4.58127 8.76892e-05
8600 -4.58127 8.67342e-05
8700 -4.58127 8.57322e-05
8800 -4.58127 8.48591e-05
8900 -4.58128 8.50112e-05
9000 -4.58129 8.49702e-05
9100 -4.58129 8.40351e-05
9200 -4.58129 8.31229e-05
9300 -4.58128 8.33519e-05
9400 -4.58128 8.24907e-05
9500 -4.58128 8.16202e-05
9600 -4.58128 8.07656e-05
9700 -4.58128 8.01096e-05
9800 -4.58129 7.96482e-05
9900 -4.58128 8.01571e-05
10000 -4.58127 7.94497e-05
