100 1.86968 0
200 1.9101 0.040418
300 1.90298 0.0243977
400 1.99943 0.0979833
500 2.03972 0.0859289
600 2.04983 0.0708856
700 2.06027 0.060812
800 2.06803 0.0532332
900 2.0969 0.0551169
1000 2.12612 0.0573035
1100 2.1362 0.0528039
1200 2.13796 0.0482356
1300 2.14996 0.0459628
1400 2.15475 0.0428225
1500 2.15913 0.0401055
1600 2.16524 0.0380098
1700 2.17222 0.0363791
1800 2.16804 0.0345522
1900 2.16698 0.0327003
2000 2.16707 0.0310224
2100 2.16898 0.0295697
2200 2.17031 0.028225
2300 2.17429 0.0272619
2400 2.1772 0.0262634
2500 2.17667 0.0251965
2600 2.17538 0.0242423
2700 2.17378 0.0233823
2800 2.17157 0.0226398
2900 2.17049 0.021872
3000 2.16756 0.0213328
3100 2.16502 0.0207879
3200 2.16282 0.0202475
3300 2.16085 0.0197234
3400 2.15953 0.0191801
3500 2.15837 0.0186601
3600 2.1577 0.0181467
3700 2.15645 0.0176938
3800 2.1558 0.017234
3900 2.156 0.0167874
4000 2.15665 0.0163753
4100 2.15693 0.0159734
4200 2.15663 0.0155913
4300 2.15565 0.0152558
4400 2.15548 0.014906
4500 2.15518 0.0145742
4600 2.15512 0.014254
4700 2.15502 0.0139477
4800 2.15459 0.0136607
4900 2.15468 0.0133793
5000 2.15439 0.0131121
5100 2.15476 0.0128577
5200 2.1556 0.0126359
5300 2.15594 0.0123998
5400 2.15626 0.0121723
5500 2.15747 0.0120102
5600 2.15799 0.0118053
5700 2.15804 0.0115964
5800 2.15793 0.0113953
5900 2.15824 0.0112048
6000 2.15814 0.0110169
6100 2.15683 0.0109145
6200 2.15564 0.0108024
6300 2.15465 0.010676
6400 2.15272 0.0106827
6500 2.15153 0.0105838
6600 2.15068 0.0104573
6700 2.14959 0.0103575
6800 2.14879 0.0102349
6900 2.14801 0.0101162
7000 2.14738 0.00999033
7100 2.14708 0.00985305
7200 2.14647 0.00973462
7300 2.14554 0.009645
7400 2.14489 0.00953631
7500 2.14413 0.00943852
7600 2.14354 0.00933211
7700 2.14271 0.00924792
7800 2.14242 0.00913328
7900 2.14271 0.00902166
8000 2.14255 0.00890951
8100 2.14231 0.00880232
8200 2.14228 0.00869435
8300 2.14228 0.00858896
8400 2.14245 0.00848779
8500 2.142 0.00839909
8600 2.14221 0.00830346
8700 2.14185 0.00821537
8800 2.14146 0.00813112
8900 2.14122 0.00804275
9000 2.14106 0.00795447
9100 2.14088 0.00786859
9200 2.1405 0.00779189
9300 2.14003 0.00772222
9400 2.14012 0.00764024
9500 2.14033 0.00756234
9600 2.14078 0.00749646
9700 2.14153 0.00745614
9800 2.14218 0.00740885
9900 2.14322 0.00740651
10000 2.14377 0.00735247
