100 0.900472 0
200 0.896535 0.00393615
300 0.891989 0.00508257
400 0.890676 0.0038265
500 0.889338 0.00325183
600 0.888205 0.00288685
700 0.884609 0.00434516
800 0.882508 0.00430977
900 0.88323 0.00386886
1000 0.880821 0.00421669
1100 0.880808 0.00381416
1200 0.880064 0.00356043
1300 0.878825 0.00350173
1400 0.879519 0.00331544
1500 0.880853 0.0033623
1600 0.881772 0.00327671
1700 0.880447 0.00335111
1800 0.881735 0.00341186
1900 0.881198 0.00327164
2000 0.880621 0.00315685
2100 0.880627 0.00300277
2200 0.88161 0.00302726
2300 0.881561 0.00289307
2400 0.882371 0.00288597
2500 0.882527 0.0027725
2600 0.882529 0.00266373
2700 0.883178 0.00264404
2800 0.882322 0.00268755
2900 0.883085 0.00270306
3000 0.883098 0.00261143
3100 0.883232 0.00252934
3200 0.882442 0.00257315
3300 0.88138 0.00271087
3400 0.881579 0.00263747
3500 0.881342 0.00257193
3600 0.881214 0.00250277
3700 0.880774 0.00247364
3800 0.880615 0.00241286
3900 0.880586 0.00235036
4000 0.880381 0.00230004
4100 0.880334 0.00224372
4200 0.880854 0.00225037
4300 0.880345 0.00225555
4400 0.879468 0.0023719
4500 0.879105 0.00234681
4600 0.879481 0.00232579
4700 0.879778 0.00229517
4800 0.879502 0.00226379
4900 0.879125 0.00224895
5000 0.879189 0.00220446
5100 0.879258 0.0021619
5200 0.879321 0.00212086
5300 0.879097 0.00209258
5400 0.878692 0.00209293
5500 0.878651 0.00205492
5600 0.878962 0.00204167
5700 0.879318 0.00203681
5800 0.879479 0.00200788
5900 0.879766 0.0019943
6000 0.87997 0.00197142
6100 0.879402 0.00202037
6200 0.879817 0.00203023
6300 0.879901 0.00199952
6400 0.879975 0.00196944
6500 0.879895 0.00194057
6600 0.880148 0.00192767
6700 0.880216 0.00189988
6800 0.879775 0.00192285
6900 0.879735 0.0018952
7000 0.879818 0.00186976
7100 0.879713 0.00184623
7200 0.879588 0.00182464
7300 0.879662 0.001801
7400 0.879665 0.0017765
7500 0.879542 0.00175701
7600 0.879195 0.00176814
7700 0.879019 0.00175384
7800 0.878574 0.00178754
7900 0.878477 0.00176741
8000 0.878308 0.00175333
8100 0.878507 0.00174296
8200 0.878317 0.00173203
8300 0.878349 0.00171133
8400 0.878415 0.00169209
8500 0.878238 0.00168137
8600 0.878118 0.001666
8700 0.878284 0.00165511
8800 0.878209 0.00163793
8900 0.877739 0.00168632
9000 0.877699 0.00166795
9100 0.877634 0.0016508
9200 0.877229 0.00168232
9300 0.877292 0.00166533
9400 0.877579 0.00167238
9500 0.877515 0.0016559
9600 0.877866 0.00167568
9700 0.877457 0.00170799
9800 0.877279 0.00169981
9900 0.877004 0.00170498
10000 0.876911 0.00169037
