100 1.67433 0
200 1.68499 0.010658
300 1.67443 0.0122195
400 1.67638 0.00885845
500 1.67349 0.00744733
600 1.67574 0.00648573
700 1.67174 0.00678518
800 1.67504 0.00673929
900 1.67294 0.00630406
1000 1.67274 0.00564231
1100 1.67193 0.00516699
1200 1.67338 0.0049346
1300 1.67251 0.00462086
1400 1.67159 0.00437661
1500 1.6714 0.00407903
1600 1.67236 0.00393519
1700 1.67211 0.0037048
1800 1.67289 0.00357895
1900 1.67199 0.00350436
2000 1.67203 0.00332484
2100 1.6719 0.00316535
2200 1.67194 0.00301829
2300 1.67174 0.00289086
2400 1.67151 0.00277748
2500 1.67172 0.00267266
2600 1.67181 0.00256933
2700 1.6717 0.00247467
2800 1.67226 0.00244807
2900 1.67238 0.00236522
3000 1.67209 0.00230334
3100 1.67263 0.0022937
3200 1.67249 0.00222518
3300 1.67301 0.00221859
3400 1.67282 0.00216144
3500 1.67232 0.00215777
3600 1.67227 0.00209742
3700 1.67223 0.00204033
3800 1.67219 0.0019863
3900 1.67185 0.00196502
4000 1.6721 0.00193113
4100 1.67211 0.00188346
4200 1.67191 0.0018488
4300 1.67209 0.00181427
4400 1.67223 0.00177817
4500 1.67222 0.00173824
4600 1.67211 0.00170371
4700 1.67193 0.00167594
4800 1.67177 0.00164912
4900 1.6718 0.00161552
5000 1.67144 0.00162461
5100 1.6717 0.0016147
5200 1.6718 0.00158639
5300 1.67197 0.00156491
5400 1.6716 0.00157856
5500 1.67188 0.00157403
5600 1.67129 0.00165423
5700 1.67141 0.00162962
5800 1.67132 0.00160368
5900 1.67122 0.00158
6000 1.6714 0.00156462
6100 1.67121 0.00155043
6200 1.67111 0.00152887
6300 1.671 0.00150791
6400 1.67111 0.00148815
6500 1.67092 0.00147764
6600 1.671 0.00145725
6700 1.67125 0.00145714
6800 1.67141 0.00144422
6900 1.6714 0.00142319
7000 1.67098 0.00146228
7100 1.67092 0.00144301
7200 1.67097 0.00142366
7300 1.67101 0.00140479
7400 1.6708 0.00140235
7500 1.67087 0.00138513
7600 1.67095 0.00136936
7700 1.67082 0.00135743
7800 1.67072 0.00134402
7900 1.67075 0.00132721
8000 1.67081 0.00131203
8100 1.67093 0.00130167
8200 1.67096 0.00128607
8300 1.67107 0.00127527
8400 1.67112 0.00126082
8500 1.67082 0.0012818
8600 1.67083 0.00126687
8700 1.67071 0.00125817
8800 1.6708 0.00124671
8900 1.67065 0.00124094
9000 1.67035 0.00126338
9100 1.6705 0.00125807
9200 1.67052 0.00124458
9300 1.67042 0.00123575
9400 1.67055 0.00122985
9500 1.67061 0.00121833
9600 1.67075 0.0012141
9700 1.6708 0.00120219
9800 1.67085 0.00119112
9900 1.67096 0.00118395
10000 1.6709 0.00117366
