100 -5.87606 0
200 -5.8768 0.0007386
300 -5.85848 0.0183249
400 -5.84832 0.0164625
500 -5.85607 0.0149233
600 -5.85971 0.0127152
700 -5.85773 0.0109278
800 -5.85804 0.00946912
900 -5.857 0.00841623
1000 -5.85907 0.00780739
1100 -5.85975 0.00709512
1200 -5.85996 0.00648015
1300 -5.85998 0.00596092
1400 -5.8604 0.00553494
1500 -5.86007 0.00516346
1600 -5.85986 0.00483475
1700 -5.85967 0.00454533
1800 -5.85962 0.00428569
1900 -5.85889 0.00411915
2000 -5.85838 0.00394117
2100 -5.86059 0.00435124
2200 -5.86084 0.00415648
2300 -5.86184 0.00409597
2400 -5.8631 0.00412057
2500 -5.86303 0.00395299
2600 -5.86277 0.00380681
2700 -5.86246 0.00367657
2800 -5.86234 0.00354478
2900 -5.86198 0.0034389
3000 -5.86209 0.00332398
3100 -5.86202 0.00321575
3200 -5.86211 0.00311508
3300 -5.8617 0.00304688
3400 -5.86122 0.00299437
3500 -5.8617 0.00294595
3600 -5.86168 0.002863
3700 -5.86135 0.00280401
3800 -5.861 0.00275217
3900 -5.86014 0.00281587
4000 -5.86042 0.00275899
4100 -5.86051 0.00269234
4200 -5.86077 0.00264064
4300 -5.86012 0.00265997
4400 -5.86058 0.00263966
4500 -5.86095 0.00260716
4600 -5.86109 0.00255345
4700 -5.86131 0.00250817
4800 -5.86029 0.00265924
4900 -5.86062 0.00262537
5000 -5.86071 0.00257393
5100 -5.86112 0.00255561
5200 -5.86134 0.00251607
5300 -5.86136 0.00246818
5400 -5.8615 0.00242629
5500 -5.86155 0.00238221
5600 -5.86148 0.00234015
5700 -5.86121 0.00231489
5800 -5.86118 0.0022748
5900 -5.86142 0.00224899
6000 -5.86185 0.00225254
6100 -5.8618 0.00221593
6200 -5.86182 0.00217996
6300 -5.86177 0.00214551
6400 -5.86207 0.00213285
6500 -5.862 0.00210104
6600 -5.86197 0.00206915
6700 -5.86199 0.00203811
6800 -5.86193 0.00200888
6900 -5.8623 0.00201361
7000 -5.86239 0.00198684
7100 -5.86244 0.00195918
7200 -5.86253 0.00193409
7300 -5.86263 0.00190978
7400 -5.86241 0.00189612
7500 -5.86253 0.00187438
7600 -5.86278 0.0018664
7700 -5.8628 0.00184207
7800 -5.86275 0.00181891
7900 -5.86275 0.00179575
8000 -5.86289 0.0017782
8100 -5.86257 0.00178406
8200 -5.86277 0.00177297
8300 -5.86269 0.00175337
8400 -5.8628 0.00173594
8500 -5.86288 0.00171747
8600 -5.86288 0.00169738
8700 -5.86273 0.00168471
8800 -5.86271 0.00166555
8900 -5.86271 0.00164673
9000 -5.86261 0.00163189
9100 -5.86245 0.00162097
9200 -5.8623 0.00161062
9300 -5.86223 0.00159478
9400 -5.86244 0.00159195
9500 -5.86238 0.0015765
9600 -5.86218 0.00157193
9700 -5.8621 0.00155778
9800 -5.86183 0.00156472
9900 -5.86191 0.00155081
10000 -5.86171 0.00154893
