100 -5.67569 0
200 -5.63369 0.0419987
300 -5.61182 0.0326531
400 -5.59331 0.0295947
500 -5.58892 0.023341
600 -5.58389 0.01971
700 -5.57921 0.0173035
800 -5.57471 0.0156451
900 -5.56855 0.0151099
1000 -5.56143 0.0152764
1100 -5.55814 0.0142044
1200 -5.55811 0.0129668
1300 -5.55647 0.0120403
1400 -5.55562 0.0111793
1500 -5.55318 0.0106898
1600 -5.55255 0.0100194
1700 -5.55242 0.00941245
1800 -5.55034 0.00911382
1900 -5.55052 0.0086226
2000 -5.55125 0.00821339
2100 -5.55117 0.00781296
2200 -5.55107 0.00745002
2300 -5.54993 0.00720966
2400 -5.54851 0.00704724
2500 -5.54702 0.00692198
2600 -5.54741 0.00666194
2700 -5.54672 0.00644736
2800 -5.54616 0.00623855
2900 -5.54485 0.00615945
3000 -5.54424 0.0059816
3100 -5.54474 0.0058064
3200 -5.54546 0.00566825
3300 -5.54544 0.00549382
3400 -5.54596 0.0053548
3500 -5.546 0.00519968
3600 -5.54593 0.00505362
3700 -5.54593 0.00491514
3800 -5.54612 0.00478768
3900 -5.54645 0.00467545
4000 -5.546 0.0045797
4100 -5.54567 0.00447894
4200 -5.54497 0.00442538
4300 -5.54491 0.00432169
4400 -5.54448 0.00424474
4500 -5.54425 0.00415569
4600 -5.54438 0.00406643
4700 -5.54467 0.00398956
4800 -5.54473 0.00390614
4900 -5.54512 0.00384529
5000 -5.54481 0.00378062
5100 -5.54484 0.0037059
5200 -5.54472 0.00363614
5300 -5.54473 0.00356689
5400 -5.54472 0.00350022
5500 -5.54468 0.0034362
5600 -5.54561 0.00349851
5700 -5.54586 0.00344555
5800 -5.54557 0.00339726
5900 -5.54539 0.00334412
6000 -5.54508 0.00330236
6100 -5.54532 0.00325629
6200 -5.54493 0.00322677
6300 -5.54506 0.0031778
6400 -5.54495 0.00312965
6500 -5.54448 0.00311728
6600 -5.54445 0.0030698
6700 -5.54472 0.00303519
6800 -5.54512 0.00301771
6900 -5.54529 0.00297847
7000 -5.54555 0.00294652
7100 -5.54541 0.00290774
7200 -5.54529 0.00286975
7300 -5.54541 0.00283256
7400 -5.54534 0.00279472
7500 -5.54495 0.00278567
7600 -5.54528 0.00276944
7700 -5.54565 0.00275775
7800 -5.54521 0.002757
7900 -5.54492 0.00273754
8000 -5.54455 0.00272884
8100 -5.54445 0.0026967
8200 -5.54451 0.0026644
8300 -5.54461 0.00263378
8400 -5.54467 0.00260303
8500 -5.54444 0.00258304
8600 -5.54427 0.00255804
8700 -5.54445 0.00253473
8800 -5.54434 0.00250835
8900 -5.54468 0.00250346
9000 -5.54464 0.00247574
9100 -5.54437 0.00246376
9200 -5.54407 0.00245469
9300 -5.54438 0.0024476
9400 -5.5447 0.00244277
9500 -5.54448 0.00242687
9600 -5.54451 0.0024016
9700 -5.54444 0.00237791
9800 -5.54472 0.00237053
9900 -5.54492 0.00235487
10000 -5.54472 0.00233919
