100 -0.102026 0
200 -0.142579 0.0405531
300 -0.135516 0.0244555
400 -0.231994 0.0980155
500 -0.272337 0.0859757
600 -0.282523 0.0709339
700 -0.293051 0.0608675
800 -0.300881 0.0532912
900 -0.329774 0.0551692
1000 -0.358974 0.0573372
1100 -0.369041 0.0528316
1200 -0.370797 0.0482604
1300 -0.382793 0.0459852
1400 -0.387596 0.0428441
1500 -0.391983 0.0401263
1600 -0.398099 0.0380297
1700 -0.405079 0.0363982
1800 -0.400899 0.0345703
1900 -0.399835 0.0327175
2000 -0.399923 0.0310387
2100 -0.401838 0.0295857
2200 -0.403183 0.028241
2300 -0.407173 0.0272785
2400 -0.410092 0.0262798
2500 -0.409566 0.0252122
2600 -0.408279 0.0242572
2700 -0.406671 0.0233969
2800 -0.404458 0.0226541
2900 -0.403373 0.0218859
3000 -0.400439 0.0213463
3100 -0.397909 0.0208007
3200 -0.395716 0.0202593
3300 -0.393746 0.0197344
3400 -0.392428 0.0191905
3500 -0.391271 0.0186699
3600 -0.390603 0.0181562
3700 -0.389351 0.0177031
3800 -0.388702 0.0172431
3900 -0.388897 0.0167963
4000 -0.389549 0.016384
4100 -0.389833 0.0159819
4200 -0.389534 0.0155996
4300 -0.388558 0.0152638
4400 -0.388391 0.0149138
4500 -0.388091 0.0145817
4600 -0.388035 0.0142613
4700 -0.38794 0.0139549
4800 -0.387516 0.0136676
4900 -0.387601 0.013386
5000 -0.387319 0.0131186
5100 -0.387691 0.0128642
5200 -0.388534 0.0126425
5300 -0.388877 0.0124064
5400 -0.389203 0.0121789
5500 -0.390416 0.0120168
5600 -0.390938 0.0118118
5700 -0.390987 0.0116028
5800 -0.390878 0.0114015
5900 -0.391188 0.0112109
6000 -0.391086 0.0110229
6100 -0.389767 0.0109207
6200 -0.388578 0.0108087
6300 -0.387581 0.0106824
6400 -0.385655 0.0106891
6500 -0.384466 0.0105903
6600 -0.383609 0.0104638
6700 -0.382518 0.010364
6800 -0.381722 0.0102414
6900 -0.380934 0.0101226
7000 -0.380305 0.00999679
7100 -0.380008 0.00985945
7200 -0.379394 0.00974095
7300 -0.378466 0.00965128
7400 -0.37781 0.00954254
7500 -0.377055 0.00944468
7600 -0.376465 0.00933823
7700 -0.375628 0.00925405
7800 -0.375335 0.00913937
7900 -0.375626 0.00902766
8000 -0.375471 0.00891545
8100 -0.375222 0.00880821
8200 -0.375194 0.00870018
8300 -0.375192 0.00859472
8400 -0.375361 0.00849346
8500 -0.374916 0.0084047
8600 -0.375124 0.008309
8700 -0.374764 0.00822082
8800 -0.374368 0.0081365
8900 -0.374131 0.00804807
9000 -0.373971 0.00795973
9100 -0.373794 0.00787378
9200 -0.373414 0.00779699
9300 -0.37294 0.00772723
9400 -0.373037 0.0076452
9500 -0.373248 0.00756722
9600 -0.373693 0.00750124
9700 -0.374439 0.00746084
9800 -0.375097 0.00741356
9900 -0.376135 0.00741133
10000 -0.376684 0.00735737
