100 1.24645 0
200 1.2734 0.0269453
300 1.26865 0.0162651
400 1.33295 0.0653222
500 1.35981 0.0572859
600 1.36655 0.0472571
700 1.37351 0.0405413
800 1.37869 0.0354888
900 1.39794 0.0367447
1000 1.41741 0.0382023
1100 1.42413 0.0352026
1200 1.42531 0.032157
1300 1.43331 0.0306419
1400 1.4365 0.0285484
1500 1.43942 0.026737
1600 1.4435 0.0253399
1700 1.44815 0.0242528
1800 1.44536 0.0230348
1900 1.44465 0.0218002
2000 1.44471 0.0206816
2100 1.44598 0.0197131
2200 1.44687 0.0188167
2300 1.44952 0.0181746
2400 1.45147 0.017509
2500 1.45111 0.0167977
2600 1.45026 0.0161615
2700 1.44919 0.0155882
2800 1.44771 0.0150932
2900 1.44699 0.0145813
3000 1.44504 0.0142219
3100 1.44335 0.0138586
3200 1.44188 0.0134983
3300 1.44057 0.0131489
3400 1.43969 0.0127868
3500 1.43891 0.0124401
3600 1.43847 0.0120978
3700 1.43763 0.0117958
3800 1.4372 0.0114893
3900 1.43733 0.0111916
4000 1.43776 0.0109169
4100 1.43795 0.0106489
4200 1.43775 0.0103942
4300 1.4371 0.0101706
4400 1.43699 0.00993737
4500 1.43679 0.00971613
4600 1.43675 0.00950264
4700 1.43668 0.00929849
4800 1.4364 0.00910717
4900 1.43645 0.00891954
5000 1.43626 0.0087414
5100 1.43651 0.0085718
5200 1.43707 0.00842395
5300 1.43729 0.00826655
5400 1.43751 0.00811488
5500 1.43831 0.00800679
5600 1.43866 0.0078702
5700 1.43869 0.00773097
5800 1.43862 0.00759685
5900 1.43883 0.00746985
6000 1.43876 0.0073446
6100 1.43788 0.00727636
6200 1.43709 0.00720158
6300 1.43643 0.00711734
6400 1.43515 0.00712183
6500 1.43436 0.00705589
6600 1.43379 0.00697156
6700 1.43306 0.006905
6800 1.43253 0.0068233
6900 1.432 0.00674411
7000 1.43159 0.00666022
7100 1.43139 0.0065687
7200 1.43098 0.00648975
7300 1.43036 0.00643
7400 1.42993 0.00635754
7500 1.42942 0.00629235
7600 1.42903 0.00622141
7700 1.42847 0.00616528
7800 1.42828 0.00608886
7900 1.42847 0.00601444
8000 1.42837 0.00593967
8100 1.4282 0.00586822
8200 1.42819 0.00579624
8300 1.42819 0.00572598
8400 1.4283 0.00565853
8500 1.428 0.0055994
8600 1.42814 0.00553564
8700 1.4279 0.00547692
8800 1.42764 0.00542075
8900 1.42748 0.00536183
9000 1.42737 0.00530298
9100 1.42725 0.00524573
9200 1.427 0.0051946
9300 1.42668 0.00514815
9400 1.42675 0.0050935
9500 1.42689 0.00504156
9600 1.42719 0.00499764
9700 1.42768 0.00497076
9800 1.42812 0.00493923
9900 1.42881 0.00493767
10000 1.42918 0.00490165
