100 0.648762 0
200 0.619739 0.0290229
300 0.605609 0.021919
400 0.593322 0.0197784
500 0.590305 0.0156146
600 0.587026 0.0131642
700 0.583954 0.0115421
800 0.581107 0.0103934
900 0.577228 0.00995275
1000 0.572619 0.0100248
1100 0.570651 0.00927879
1200 0.57064 0.00847035
1300 0.569456 0.00788109
1400 0.568883 0.00731897
1500 0.567261 0.00700395
1600 0.566759 0.00657078
1700 0.566685 0.00617262
1800 0.565416 0.00595633
1900 0.565542 0.00563554
2000 0.565963 0.00536288
2100 0.565855 0.00510226
2200 0.565793 0.0048652
2300 0.565114 0.0046982
2400 0.564214 0.00458748
2500 0.563235 0.00450776
2600 0.563462 0.00433687
2700 0.563005 0.00419806
2800 0.562675 0.00405879
2900 0.561813 0.00401015
3000 0.561401 0.00389603
3100 0.56168 0.00377859
3200 0.562145 0.00368805
3300 0.562133 0.00357457
3400 0.562463 0.00348351
3500 0.562441 0.00338259
3600 0.562432 0.0032873
3700 0.562406 0.00319732
3800 0.562538 0.00311482
3900 0.562768 0.0030426
4000 0.562506 0.00297708
4100 0.562286 0.00291186
4200 0.561859 0.00287358
4300 0.561809 0.00280642
4400 0.561543 0.00275476
4500 0.561399 0.00269668
4600 0.561519 0.00264014
4700 0.561725 0.00259157
4800 0.561753 0.00253715
4900 0.562009 0.00249791
5000 0.561782 0.00245795
5100 0.561794 0.0024093
5200 0.561719 0.00236369
5300 0.561744 0.0023188
5400 0.561702 0.00227586
5500 0.561665 0.0022344
5600 0.562275 0.00227752
5700 0.562462 0.002245
5800 0.562296 0.00221222
5900 0.562178 0.00217757
6000 0.561974 0.00215073
6100 0.562121 0.00212031
6200 0.561894 0.00209814
6300 0.561993 0.00206692
6400 0.56192 0.00203568
6500 0.561604 0.00202878
6600 0.561582 0.00199793
6700 0.561734 0.0019738
6800 0.561995 0.00196195
6900 0.562106 0.0019365
7000 0.562283 0.0019168
7100 0.562214 0.00189087
7200 0.562136 0.00186606
7300 0.562219 0.00184217
7400 0.562195 0.00181726
7500 0.561951 0.00180944
7600 0.562178 0.00179982
7700 0.562409 0.00179134
7800 0.562125 0.00179095
7900 0.561941 0.00177768
8000 0.561703 0.00177143
8100 0.561644 0.00175038
8200 0.561695 0.00172964
8300 0.561775 0.00171056
8400 0.561817 0.00169059
8500 0.561653 0.00167857
8600 0.56155 0.00166215
8700 0.561665 0.00164695
8800 0.561589 0.00162988
8900 0.561809 0.00162639
9000 0.561803 0.00160823
9100 0.561651 0.00159772
9200 0.561467 0.00159096
9300 0.561686 0.00158903
9400 0.561918 0.00158902
9500 0.561771 0.00157904
9600 0.5618 0.00156277
9700 0.561761 0.00154705
9800 0.561957 0.00154366
9900 0.562089 0.00153366
10000 0.561973 0.00152264
