100 1.35071 0
200 1.3448 0.00590385
300 1.33798 0.00762387
400 1.33601 0.00573972
500 1.33401 0.00487776
600 1.33231 0.00433029
700 1.32691 0.00651776
800 1.32376 0.00646463
900 1.32485 0.00580328
1000 1.32123 0.00632505
1100 1.32121 0.00572126
1200 1.3201 0.00534065
1300 1.31824 0.00525261
1400 1.31928 0.00497318
1500 1.32128 0.00504346
1600 1.32266 0.00491508
1700 1.32067 0.00502666
1800 1.3226 0.00511777
1900 1.3218 0.00490746
2000 1.32093 0.00473527
2100 1.32094 0.00450414
2200 1.32242 0.00454088
2300 1.32234 0.0043396
2400 1.32356 0.00432896
2500 1.32379 0.00415876
2600 1.32379 0.00399561
2700 1.32477 0.00396606
2800 1.32348 0.00403133
2900 1.32463 0.00405459
3000 1.32465 0.00391716
3100 1.32485 0.00379401
3200 1.32366 0.00385974
3300 1.32207 0.00406631
3400 1.32237 0.00395621
3500 1.32201 0.00385791
3600 1.32182 0.00375417
3700 1.32116 0.00371047
3800 1.32092 0.0036193
3900 1.32088 0.00352555
4000 1.32057 0.00345007
4100 1.3205 0.00336558
4200 1.32128 0.00337557
4300 1.32052 0.00338334
4400 1.3192 0.00355787
4500 1.31866 0.00352023
4600 1.31922 0.00348869
4700 1.31967 0.00344277
4800 1.31925 0.00339569
4900 1.31869 0.00337343
5000 1.31878 0.00330669
5100 1.31889 0.00324286
5200 1.31898 0.00318129
5300 1.31864 0.00313888
5400 1.31804 0.0031394
5500 1.31798 0.00308239
5600 1.31844 0.00306251
5700 1.31898 0.00305523
5800 1.31922 0.00301182
5900 1.31965 0.00299146
6000 1.31996 0.00295714
6100 1.3191 0.00303057
6200 1.31972 0.00304535
6300 1.31985 0.00299928
6400 1.31996 0.00295416
6500 1.31984 0.00291086
6600 1.32022 0.00289152
6700 1.32032 0.00284982
6800 1.31966 0.00288427
6900 1.3196 0.00284281
7000 1.31973 0.00280465
7100 1.31957 0.00276935
7200 1.31938 0.00273697
7300 1.31949 0.0027015
7400 1.3195 0.00266475
7500 1.31931 0.00263551
7600 1.31879 0.00265222
7700 1.31853 0.00263077
7800 1.31786 0.00268131
7900 1.31772 0.00265113
8000 1.31746 0.00263
8100 1.31776 0.00261445
8200 1.31748 0.00259805
8300 1.31752 0.002567
8400 1.31762 0.00253814
8500 1.31736 0.00252205
8600 1.31718 0.00249901
8700 1.31743 0.00248266
8800 1.31731 0.0024569
8900 1.31661 0.00252949
9000 1.31655 0.00250193
9100 1.31645 0.00247621
9200 1.31584 0.00252349
9300 1.31594 0.002498
9400 1.31637 0.00250857
9500 1.31627 0.00248385
9600 1.3168 0.00251353
9700 1.31619 0.00256199
9800 1.31592 0.00254972
9900 1.31551 0.00255748
10000 1.31537 0.00253556
