100 1.85513 0
200 1.86152 0.00639765
300 1.85967 0.00413399
400 1.84952 0.010563
500 1.84621 0.00882491
600 1.83843 0.0106049
700 1.83869 0.00896668
800 1.83503 0.00858618
900 1.83792 0.00810569
1000 1.84148 0.00807564
1100 1.84827 0.009973
1200 1.8587 0.0138488
1300 1.86349 0.0136082
1400 1.86672 0.0130065
1500 1.86889 0.0123008
1600 1.87114 0.0117252
1700 1.87469 0.0115704
1800 1.87539 0.0109312
1900 1.87751 0.0105547
2000 1.87802 0.010026
2100 1.87762 0.00954499
2200 1.87621 0.00920822
2300 1.87422 0.00902158
2400 1.87344 0.00867272
2500 1.87364 0.00832086
2600 1.87449 0.00803997
2700 1.87676 0.00806234
2800 1.87664 0.00777005
2900 1.87636 0.00750242
3000 1.87622 0.00724941
3100 1.87651 0.00701758
3200 1.87753 0.00687106
3300 1.87786 0.00666799
3400 1.87792 0.00646921
3500 1.87738 0.00630556
3600 1.87732 0.00612814
3700 1.878 0.00599919
3800 1.87905 0.00593215
3900 1.87864 0.00579239
4000 1.87857 0.00564622
4100 1.87795 0.00554119
4200 1.87793 0.00540772
4300 1.87809 0.00528317
4400 1.87875 0.00520315
4500 1.88046 0.00536667
4600 1.88087 0.00526484
4700 1.8806 0.00515872
4800 1.88038 0.0050552
4900 1.87976 0.00498879
5000 1.87954 0.00489299
5100 1.88029 0.00485377
5200 1.88029 0.00475951
5300 1.88005 0.00467505
5400 1.87978 0.00459529
5500 1.87986 0.0045117
5600 1.87961 0.00443745
5700 1.87927 0.00437206
5800 1.87913 0.00429846
5900 1.87844 0.00428066
6000 1.87764 0.0042845
6100 1.87689 0.00427998
6200 1.87642 0.00423667
6300 1.87634 0.00416968
6400 1.87589 0.00412842
6500 1.87497 0.00416559
6600 1.87386 0.00425126
6700 1.87377 0.00418831
6800 1.87372 0.00412648
6900 1.87369 0.00406635
7000 1.87341 0.00401795
7100 1.87316 0.00396848
7200 1.87242 0.00398356
7300 1.87122 0.00410738
7400 1.87055 0.00410712
7500 1.86959 0.00416397
7600 1.86876 0.0041904
7700 1.86834 0.00415689
7800 1.8678 0.00413886
7900 1.86735 0.00411133
8000 1.86648 0.00415125
8100 1.86606 0.00412098
8200 1.86576 0.00408186
8300 1.86551 0.00403993
8400 1.86575 0.0039986
8500 1.86603 0.00396131
8600 1.86651 0.00394438
8700 1.86694 0.003923
8800 1.86685 0.00387922
8900 1.86669 0.00383889
9000 1.86675 0.00379653
9100 1.86656 0.00375942
9200 1.86708 0.00375427
9300 1.86724 0.00371696
9400 1.86722 0.00367727
9500 1.86734 0.00364037
9600 1.86741 0.00360294
9700 1.86705 0.00358363
9800 1.86659 0.0035757
9900 1.86648 0.00354123
10000 1.86603 0.00353413
