100 1.42009 0
200 1.42114 0.00104769
300 1.40885 0.0123073
400 1.4018 0.0111985
500 1.4069 0.0100624
600 1.40968 0.00867243
700 1.40844 0.00743346
800 1.40852 0.00643814
900 1.40766 0.00574311
1000 1.40925 0.00537758
1100 1.40973 0.00488729
1200 1.40983 0.00446278
1300 1.40991 0.00410591
1400 1.41013 0.00380749
1500 1.40996 0.00354857
1600 1.40986 0.00332102
1700 1.40984 0.00311959
1800 1.40983 0.00294121
1900 1.40931 0.00282995
2000 1.40898 0.00270447
2100 1.41049 0.0029812
2200 1.41064 0.00284669
2300 1.41133 0.00280622
2400 1.41224 0.00283427
2500 1.41222 0.00271861
2600 1.41199 0.00262141
2700 1.41176 0.00253309
2800 1.41166 0.00244302
2900 1.4114 0.0023715
3000 1.41152 0.00229386
3100 1.41148 0.00221887
3200 1.41155 0.00214944
3300 1.4113 0.00209803
3400 1.411 0.00205797
3500 1.41127 0.0020167
3600 1.41124 0.00196003
3700 1.41101 0.0019202
3800 1.41071 0.0018936
3900 1.41015 0.00192859
4000 1.41034 0.00189019
4100 1.41043 0.00184559
4200 1.41062 0.00181129
4300 1.41014 0.00183471
4400 1.41042 0.00181542
4500 1.41069 0.00179529
4600 1.41079 0.00175829
4700 1.41093 0.00172605
4800 1.41023 0.00182886
4900 1.41044 0.00180421
5000 1.41049 0.00176842
5100 1.41077 0.00175501
5200 1.41093 0.00172917
5300 1.41095 0.00169633
5400 1.41107 0.00166874
5500 1.41112 0.00163887
5600 1.41106 0.00161036
5700 1.41088 0.00159241
5800 1.41085 0.00156503
5900 1.41103 0.0015485
6000 1.41133 0.00155338
6100 1.41131 0.00152791
6200 1.41131 0.00150307
6300 1.41128 0.00147939
6400 1.41146 0.00146808
6500 1.41141 0.00144622
6600 1.41139 0.00142428
6700 1.41141 0.00140294
6800 1.41137 0.00138271
6900 1.41162 0.00138603
7000 1.41168 0.00136731
7100 1.41172 0.00134843
7200 1.41179 0.00133146
7300 1.41186 0.00131516
7400 1.41172 0.00130564
7500 1.41181 0.00129153
7600 1.41197 0.00128508
7700 1.41198 0.00126828
7800 1.41195 0.0012523
7900 1.41196 0.00123641
8000 1.41205 0.00122392
8100 1.41184 0.00122536
8200 1.41197 0.00121699
8300 1.41193 0.00120308
8400 1.412 0.0011907
8500 1.41205 0.00117803
8600 1.41206 0.00116426
8700 1.41198 0.0011535
8800 1.41197 0.00114035
8900 1.41198 0.00112751
9000 1.41191 0.00111715
9100 1.41179 0.00111164
9200 1.41168 0.00110491
9300 1.41162 0.00109437
9400 1.41177 0.00109209
9500 1.41172 0.00108169
9600 1.41159 0.00107784
9700 1.41152 0.00106902
9800 1.41132 0.0010764
9900 1.41138 0.00106712
10000 1.41124 0.00106635
