10 5.08742 0
20 4.8068 0.280619
30 4.59918 0.263357
40 4.51282 0.205275
50 4.50915 0.159049
60 4.5018 0.130071
70 4.49543 0.110115
80 4.49262 0.0954037
90 4.50639 0.0852579
100 4.51225 0.0764828
110 4.50638 0.0694294
120 4.49692 0.0640835
130 4.50837 0.0600487
140 4.51465 0.05595
150 4.5193 0.0522946
160 4.52124 0.0489543
170 4.51633 0.0462452
180 4.51678 0.0436025
190 4.51526 0.0412706
200 4.5192 0.0393506
210 4.52441 0.0377918
220 4.51578 0.0370518
230 4.51216 0.0355913
240 4.51527 0.0342155
250 4.51146 0.0330388
260 4.5206 0.0330315
270 4.51369 0.0325257
280 4.51492 0.0313662
290 4.51244 0.0303656
300 4.5093 0.0295027
310 4.50818 0.0285584
320 4.50857 0.0276548
330 4.50914 0.0268099
340 4.50768 0.0260524
350 4.49517 0.0282201
360 4.49342 0.0274809
370 4.49505 0.0267799
380 4.50017 0.0265615
390 4.49702 0.0260628
400 4.5003 0.0256131
410 4.49886 0.0250236
420 4.49715 0.0244783
430 4.49821 0.0239274
440 4.49488 0.0236119
450 4.49481 0.0230825
460 4.49836 0.0228543
470 4.49621 0.0224674
480 4.49408 0.0220943
490 4.49349 0.0216493
500 4.49088 0.0213699
510 4.49038 0.0209531
520 4.48643 0.0209217
530 4.48459 0.0206077
540 4.48816 0.0205354
550 4.48932 0.0201893
560 4.49001 0.0198387
570 4.48846 0.0195496
580 4.48922 0.0192239
590 4.48926 0.0188937
600 4.49373 0.0191087
610 4.49227 0.0188488
620 4.49197 0.018545
630 4.49142 0.0182555
640 4.49181 0.0179724
650 4.49396 0.0178239
660 4.49408 0.0175531
670 4.49068 0.01762
680 4.4893 0.0174138
690 4.48901 0.0171631
700 4.4869 0.0170472
710 4.4869 0.0168055
720 4.48721 0.0165736
730 4.48915 0.0164597
740 4.493 0.0166875
750 4.49503 0.0165868
760 4.49417 0.0163892
770 4.49613 0.0162926
780 4.49446 0.0161688
790 4.49447 0.0159648
800 4.49564 0.0158063
810 4.4954 0.0156113
820 4.4949 0.0154271
830 4.49486 0.0152414
840 4.49785 0.0153513
850 4.49989 0.0153086
860 4.50037 0.0151355
870 4.50019 0.0149615
880 4.49707 0.0151165
890 4.49779 0.014961
900 4.5009 0.0151175
910 4.502 0.0149902
920 4.50504 0.0151378
930 4.50461 0.0149801
940 4.50619 0.0149035
950 4.50539 0.0147678
960 4.50429 0.0146536
970 4.50601 0.0146036
980 4.50542 0.0144651
990 4.50264 0.0145872
1000 4.50265 0.0144415
