10 -3.65562 0
20 -3.23257 0.423047
30 -2.92116 0.395774
40 -2.79152 0.30842
50 -2.78574 0.238971
60 -2.77512 0.195408
70 -2.76606 0.165398
80 -2.76254 0.143282
90 -2.78336 0.128066
100 -2.79207 0.114876
110 -2.78313 0.104294
120 -2.76899 0.096251
130 -2.7861 0.0901764
140 -2.79575 0.0840422
150 -2.8026 0.0785383
160 -2.80533 0.0735168
170 -2.79783 0.0694639
180 -2.79842 0.0654935
190 -2.79597 0.0619995
200 -2.8016 0.0590864
210 -2.80919 0.0567123
220 -2.79626 0.0555975
230 -2.79086 0.0533985
240 -2.79545 0.0513298
250 -2.7897 0.049568
260 -2.80331 0.0495303
270 -2.79293 0.0487787
280 -2.79478 0.0470403
290 -2.79104 0.0455435
300 -2.7863 0.0442533
310 -2.78458 0.0428363
320 -2.78518 0.0414808
330 -2.78602 0.0402129
340 -2.78374 0.0390795
350 -2.765 0.0423194
360 -2.76237 0.0412111
370 -2.76479 0.0401553
380 -2.77242 0.0398222
390 -2.76767 0.0390782
400 -2.77262 0.0384101
410 -2.7705 0.0375221
420 -2.768 0.0367024
430 -2.7696 0.0358744
440 -2.76459 0.0354066
450 -2.76442 0.0346112
460 -2.76966 0.0342539
470 -2.76642 0.0336731
480 -2.7632 0.0331208
490 -2.76231 0.0324504
500 -2.75842 0.0320321
510 -2.75768 0.0314063
520 -2.75177 0.0313586
530 -2.74905 0.0308818
540 -2.75441 0.0307755
550 -2.75613 0.0302596
560 -2.75711 0.0297305
570 -2.75477 0.0292976
580 -2.75592 0.0288113
590 -2.75595 0.028319
600 -2.76263 0.0286325
610 -2.76042 0.0282453
620 -2.75995 0.0277899
630 -2.75912 0.0273577
640 -2.75974 0.0269341
650 -2.76303 0.0267192
660 -2.76325 0.0263118
670 -2.75813 0.0264171
680 -2.756 0.0261129
690 -2.75556 0.0257352
700 -2.75242 0.0255588
710 -2.75244 0.0251963
720 -2.75287 0.0248479
730 -2.75576 0.0246753
740 -2.76156 0.0250195
750 -2.76463 0.0248746
760 -2.76341 0.0245755
770 -2.7664 0.0244378
780 -2.76394 0.0242484
790 -2.76401 0.0239397
800 -2.7658 0.0237062
810 -2.76545 0.0234146
820 -2.76475 0.0231374
830 -2.76473 0.0228569
840 -2.76921 0.0230229
850 -2.77225 0.0229532
860 -2.77294 0.0226951
870 -2.77265 0.0224344
880 -2.76795 0.0226715
890 -2.769 0.0224404
900 -2.77369 0.0226787
910 -2.77534 0.0224886
920 -2.77992 0.02271
930 -2.77928 0.0224735
940 -2.78162 0.0223565
950 -2.78042 0.0221523
960 -2.77876 0.0219831
970 -2.78132 0.0219068
980 -2.78042 0.0217009
990 -2.77619 0.021893
1000 -2.77619 0.0216728
