10 7.63113 0
20 7.2102 0.420929
30 6.89877 0.395031
40 6.76922 0.307907
50 6.76373 0.238571
60 6.75271 0.195103
70 6.74314 0.165169
80 6.73892 0.143105
90 6.75959 0.127889
100 6.76838 0.114724
110 6.75958 0.104146
120 6.74538 0.0961262
130 6.76255 0.0900717
140 6.77197 0.0839215
150 6.77896 0.0784383
160 6.78187 0.0734299
170 6.7745 0.0693686
180 6.77517 0.0654052
190 6.7729 0.0619089
200 6.77879 0.0590273
210 6.78662 0.0566894
220 6.77367 0.0555787
230 6.76824 0.0533847
240 6.7729 0.0513238
250 6.76719 0.0495567
260 6.7809 0.0495463
270 6.77053 0.048789
280 6.77238 0.0470495
290 6.76866 0.0455528
300 6.76395 0.0442581
310 6.76227 0.0428398
320 6.76286 0.041481
330 6.76372 0.0402158
340 6.76152 0.0390743
350 6.74276 0.0423268
360 6.74014 0.0412184
370 6.74258 0.0401633
380 6.75026 0.0398413
390 6.74553 0.0390959
400 6.75045 0.0384212
410 6.74829 0.0375361
420 6.74573 0.0367174
430 6.74732 0.0358888
440 6.74232 0.0354165
450 6.74221 0.034622
460 6.74755 0.0342784
470 6.74432 0.0336965
480 6.74112 0.033142
490 6.74023 0.032471
500 6.73633 0.0320531
510 6.73557 0.0314265
520 6.72965 0.0313838
530 6.72689 0.0309077
540 6.73224 0.0307988
550 6.73398 0.0302845
560 6.73501 0.0297561
570 6.73269 0.0293224
580 6.73383 0.0288329
590 6.73388 0.0283395
600 6.7406 0.028661
610 6.7384 0.0282743
620 6.73795 0.0278188
630 6.73712 0.0273853
640 6.73771 0.0269624
650 6.74094 0.0267398
660 6.74112 0.0263335
670 6.73602 0.0264345
680 6.73394 0.0261245
690 6.73351 0.0257461
700 6.73035 0.025574
710 6.73035 0.0252097
720 6.73081 0.0248603
730 6.73372 0.0246903
740 6.73951 0.025031
750 6.74254 0.024882
760 6.74125 0.0245877
770 6.74419 0.0244428
780 6.74169 0.024256
790 6.7417 0.0239463
800 6.74347 0.0237109
810 6.7431 0.0234192
820 6.74235 0.0231453
830 6.74229 0.0228638
840 6.74677 0.023028
850 6.74984 0.0229608
860 6.75055 0.0227031
870 6.75028 0.0224427
880 6.74561 0.022673
890 6.74668 0.0224416
900 6.75135 0.0226772
910 6.75299 0.0224859
920 6.75757 0.0227053
930 6.75692 0.0224665
940 6.75928 0.0223527
950 6.75809 0.0221485
960 6.75643 0.0219777
970 6.75901 0.0219038
980 6.75814 0.0216984
990 6.75395 0.0218811
1000 6.75398 0.0216621
