10 3.9755 0
20 3.97763 0.00218366
30 3.97761 0.00154408
40 3.9777 0.00112764
50 3.97798 0.00119604
60 3.97759 0.000756442
70 3.97708 0.000891476
80 3.97638 0.00104399
90 3.97623 0.000845728
100 3.9763 0.000976562
110 3.97644 0.000817051
120 3.97639 0.000779027
130 3.97645 0.000563819
140 3.97622 0.000541699
150 3.97636 0.000452061
160 3.97653 0.000436732
170 3.97667 0.000488281
180 3.97675 0.000236851
190 3.97693 0
200 3.97719 0.000388047
210 3.97743 0.000436732
220 3.97741 0.000301374
230 3.97738 0.000294445
240 3.97745 0.000287973
250 3.97749 0.00039868
260 3.97759 0.000338291
270 3.97761 0.000331722
280 3.9776 0.000325521
290 3.97762 0.000260997
300 3.97765 0.000362686
310 3.97769 0.00035659
320 3.97768 0.000392197
330 3.9777 0.000345267
340 3.97779 0.000380126
350 3.97776 0.000334958
360 3.97777 0.000330138
370 3.97778 0.000325521
380 3.97784 0.000321092
390 3.97786 0.000158419
400 3.97783 0.00031275
410 3.97779 0.000218366
420 3.97773 0.000215687
430 3.97772 0.000260997
440 3.97773 0.000297849
450 3.9778 0.000254997
460 3.97789 0.000291155
470 3.97789 0.000249392
480 3.97791 0.000246724
490 3.97792 0.000315184
500 3.97791 0.000341726
510 3.97789 0.000365396
520 3.97787 0.000361796
530 3.97784 0.000383039
540 3.97783 0.000402424
550 3.97784 0.000420246
560 3.9779 0.000436732
570 3.97792 0.000452061
580 3.97791 0.000429002
590 3.97794 0.000425287
600 3.97797 0.000421668
610 3.97798 0.00039868
620 3.978 0.000395399
630 3.978 0.000372071
640 3.97797 0.000369106
650 3.97792 0.000404861
660 3.97788 0.000383039
670 3.97789 0.00036062
680 3.97794 0.000377279
690 3.97795 0.000313325
700 3.97793 0.000352693
710 3.97791 0.000285908
720 3.97794 0.00034769
730 3.97795 0.00039868
740 3.97795 0.000379084
750 3.97791 0.000393255
760 3.97784 0.000373995
770 3.97779 0.000388047
780 3.97775 0.000369106
790 3.97769 0.000331722
800 3.97766 0.000329616
810 3.97764 0.000308816
820 3.9776 0.000287082
830 3.97756 0.000241145
840 3.97756 0.000214383
850 3.97759 0.000238257
860 3.97761 0.000149798
870 3.97763 0.000105305
880 3.97766 0.000181343
890 3.97767 0.000147222
900 3.97766 0.000207031
910 3.97766 0.000205877
920 3.97764 0.000204743
930 3.97764 0.000227662
940 3.97766 0.000226435
950 3.97767 0.00017446
960 3.97768 0.000200386
970 3.97769 0.000222869
980 3.97772 0.000221717
990 3.97777 0.000220583
1000 3.97779 0.000240413
